<?xml version="1.0" encoding="UTF-8"?>
<testsuite xmlns:xsi="http://www.w3.org/2001/XMLSchema-instance" xsi:noNamespaceSchemaLocation="https://maven.apache.org/surefire/maven-surefire-plugin/xsd/surefire-test-report.xsd" name="com.example.building.controller.BuildingControllerTest" time="0.369" tests="7" errors="0" skipped="0" failures="0">
  <properties>
    <property name="sun.desktop" value="windows"/>
    <property name="awt.toolkit" value="sun.awt.windows.WToolkit"/>
    <property name="file.encoding.pkg" value="sun.io"/>
    <property name="java.specification.version" value="1.8"/>
    <property name="sun.cpu.isalist" value="amd64"/>
    <property name="sun.jnu.encoding" value="GBK"/>
    <property name="java.class.path" value="C:\Users\Administrator\Desktop\1\temp2\target\test-classes;C:\Users\Administrator\Desktop\1\temp2\target\classes;D:\repo\org\springframework\boot\spring-boot-starter-web\2.7.5\spring-boot-starter-web-2.7.5.jar;D:\repo\org\springframework\boot\spring-boot-starter\2.7.5\spring-boot-starter-2.7.5.jar;D:\repo\org\springframework\boot\spring-boot\2.7.5\spring-boot-2.7.5.jar;D:\repo\org\springframework\boot\spring-boot-autoconfigure\2.7.5\spring-boot-autoconfigure-2.7.5.jar;D:\repo\org\springframework\boot\spring-boot-starter-logging\2.7.5\spring-boot-starter-logging-2.7.5.jar;D:\repo\ch\qos\logback\logback-classic\1.2.11\logback-classic-1.2.11.jar;D:\repo\ch\qos\logback\logback-core\1.2.11\logback-core-1.2.11.jar;D:\repo\org\apache\logging\log4j\log4j-to-slf4j\2.17.2\log4j-to-slf4j-2.17.2.jar;D:\repo\org\apache\logging\log4j\log4j-api\2.17.2\log4j-api-2.17.2.jar;D:\repo\org\slf4j\jul-to-slf4j\1.7.36\jul-to-slf4j-1.7.36.jar;D:\repo\jakarta\annotation\jakarta.annotation-api\1.3.5\jakarta.annotation-api-1.3.5.jar;D:\repo\org\yaml\snakeyaml\1.30\snakeyaml-1.30.jar;D:\repo\org\springframework\boot\spring-boot-starter-json\2.7.5\spring-boot-starter-json-2.7.5.jar;D:\repo\com\fasterxml\jackson\core\jackson-databind\2.13.4.2\jackson-databind-2.13.4.2.jar;D:\repo\com\fasterxml\jackson\core\jackson-annotations\2.13.4\jackson-annotations-2.13.4.jar;D:\repo\com\fasterxml\jackson\core\jackson-core\2.13.4\jackson-core-2.13.4.jar;D:\repo\com\fasterxml\jackson\datatype\jackson-datatype-jdk8\2.13.4\jackson-datatype-jdk8-2.13.4.jar;D:\repo\com\fasterxml\jackson\datatype\jackson-datatype-jsr310\2.13.4\jackson-datatype-jsr310-2.13.4.jar;D:\repo\com\fasterxml\jackson\module\jackson-module-parameter-names\2.13.4\jackson-module-parameter-names-2.13.4.jar;D:\repo\org\springframework\boot\spring-boot-starter-tomcat\2.7.5\spring-boot-starter-tomcat-2.7.5.jar;D:\repo\org\apache\tomcat\embed\tomcat-embed-core\9.0.68\tomcat-embed-core-9.0.68.jar;D:\repo\org\apache\tomcat\embed\tomcat-embed-websocket\9.0.68\tomcat-embed-websocket-9.0.68.jar;D:\repo\org\springframework\spring-web\5.3.23\spring-web-5.3.23.jar;D:\repo\org\springframework\spring-beans\5.3.23\spring-beans-5.3.23.jar;D:\repo\org\springframework\spring-webmvc\5.3.23\spring-webmvc-5.3.23.jar;D:\repo\org\springframework\spring-aop\5.3.23\spring-aop-5.3.23.jar;D:\repo\org\springframework\spring-context\5.3.23\spring-context-5.3.23.jar;D:\repo\org\springframework\spring-expression\5.3.23\spring-expression-5.3.23.jar;D:\repo\org\springframework\boot\spring-boot-starter-validation\2.7.5\spring-boot-starter-validation-2.7.5.jar;D:\repo\org\apache\tomcat\embed\tomcat-embed-el\9.0.68\tomcat-embed-el-9.0.68.jar;D:\repo\org\hibernate\validator\hibernate-validator\6.2.5.Final\hibernate-validator-6.2.5.Final.jar;D:\repo\jakarta\validation\jakarta.validation-api\2.0.2\jakarta.validation-api-2.0.2.jar;D:\repo\org\jboss\logging\jboss-logging\3.4.3.Final\jboss-logging-3.4.3.Final.jar;D:\repo\org\mybatis\spring\boot\mybatis-spring-boot-starter\2.2.2\mybatis-spring-boot-starter-2.2.2.jar;D:\repo\org\springframework\boot\spring-boot-starter-jdbc\2.7.5\spring-boot-starter-jdbc-2.7.5.jar;D:\repo\com\zaxxer\HikariCP\4.0.3\HikariCP-4.0.3.jar;D:\repo\org\springframework\spring-jdbc\5.3.23\spring-jdbc-5.3.23.jar;D:\repo\org\springframework\spring-tx\5.3.23\spring-tx-5.3.23.jar;D:\repo\org\mybatis\spring\boot\mybatis-spring-boot-autoconfigure\2.2.2\mybatis-spring-boot-autoconfigure-2.2.2.jar;D:\repo\org\mybatis\mybatis\3.5.9\mybatis-3.5.9.jar;D:\repo\org\mybatis\mybatis-spring\2.0.7\mybatis-spring-2.0.7.jar;D:\repo\mysql\mysql-connector-java\8.0.28\mysql-connector-java-8.0.28.jar;D:\repo\io\springfox\springfox-boot-starter\3.0.0\springfox-boot-starter-3.0.0.jar;D:\repo\io\springfox\springfox-oas\3.0.0\springfox-oas-3.0.0.jar;D:\repo\io\swagger\core\v3\swagger-annotations\2.1.2\swagger-annotations-2.1.2.jar;D:\repo\io\swagger\core\v3\swagger-models\2.1.2\swagger-models-2.1.2.jar;D:\repo\io\springfox\springfox-spi\3.0.0\springfox-spi-3.0.0.jar;D:\repo\io\springfox\springfox-schema\3.0.0\springfox-schema-3.0.0.jar;D:\repo\io\springfox\springfox-core\3.0.0\springfox-core-3.0.0.jar;D:\repo\io\springfox\springfox-spring-web\3.0.0\springfox-spring-web-3.0.0.jar;D:\repo\io\github\classgraph\classgraph\4.8.83\classgraph-4.8.83.jar;D:\repo\io\springfox\springfox-spring-webmvc\3.0.0\springfox-spring-webmvc-3.0.0.jar;D:\repo\io\springfox\springfox-spring-webflux\3.0.0\springfox-spring-webflux-3.0.0.jar;D:\repo\io\springfox\springfox-swagger-common\3.0.0\springfox-swagger-common-3.0.0.jar;D:\repo\org\mapstruct\mapstruct\1.3.1.Final\mapstruct-1.3.1.Final.jar;D:\repo\io\springfox\springfox-data-rest\3.0.0\springfox-data-rest-3.0.0.jar;D:\repo\io\springfox\springfox-bean-validators\3.0.0\springfox-bean-validators-3.0.0.jar;D:\repo\io\springfox\springfox-swagger2\3.0.0\springfox-swagger2-3.0.0.jar;D:\repo\io\swagger\swagger-annotations\1.5.20\swagger-annotations-1.5.20.jar;D:\repo\io\swagger\swagger-models\1.5.20\swagger-models-1.5.20.jar;D:\repo\io\springfox\springfox-swagger-ui\3.0.0\springfox-swagger-ui-3.0.0.jar;D:\repo\com\fasterxml\classmate\1.5.1\classmate-1.5.1.jar;D:\repo\org\slf4j\slf4j-api\1.7.36\slf4j-api-1.7.36.jar;D:\repo\org\springframework\plugin\spring-plugin-core\2.0.0.RELEASE\spring-plugin-core-2.0.0.RELEASE.jar;D:\repo\org\springframework\plugin\spring-plugin-metadata\2.0.0.RELEASE\spring-plugin-metadata-2.0.0.RELEASE.jar;D:\repo\org\projectlombok\lombok\1.18.24\lombok-1.18.24.jar;D:\repo\org\springframework\boot\spring-boot-starter-test\2.7.5\spring-boot-starter-test-2.7.5.jar;D:\repo\org\springframework\boot\spring-boot-test\2.7.5\spring-boot-test-2.7.5.jar;D:\repo\org\springframework\boot\spring-boot-test-autoconfigure\2.7.5\spring-boot-test-autoconfigure-2.7.5.jar;D:\repo\com\jayway\jsonpath\json-path\2.7.0\json-path-2.7.0.jar;D:\repo\net\minidev\json-smart\2.4.8\json-smart-2.4.8.jar;D:\repo\net\minidev\accessors-smart\2.4.8\accessors-smart-2.4.8.jar;D:\repo\org\ow2\asm\asm\9.1\asm-9.1.jar;D:\repo\jakarta\xml\bind\jakarta.xml.bind-api\2.3.3\jakarta.xml.bind-api-2.3.3.jar;D:\repo\jakarta\activation\jakarta.activation-api\1.2.2\jakarta.activation-api-1.2.2.jar;D:\repo\org\assertj\assertj-core\3.22.0\assertj-core-3.22.0.jar;D:\repo\org\hamcrest\hamcrest\2.2\hamcrest-2.2.jar;D:\repo\org\junit\jupiter\junit-jupiter\5.8.2\junit-jupiter-5.8.2.jar;D:\repo\org\junit\jupiter\junit-jupiter-api\5.8.2\junit-jupiter-api-5.8.2.jar;D:\repo\org\opentest4j\opentest4j\1.2.0\opentest4j-1.2.0.jar;D:\repo\org\junit\platform\junit-platform-commons\1.8.2\junit-platform-commons-1.8.2.jar;D:\repo\org\apiguardian\apiguardian-api\1.1.2\apiguardian-api-1.1.2.jar;D:\repo\org\junit\jupiter\junit-jupiter-params\5.8.2\junit-jupiter-params-5.8.2.jar;D:\repo\org\junit\jupiter\junit-jupiter-engine\5.8.2\junit-jupiter-engine-5.8.2.jar;D:\repo\org\junit\platform\junit-platform-engine\1.8.2\junit-platform-engine-1.8.2.jar;D:\repo\org\mockito\mockito-core\4.5.1\mockito-core-4.5.1.jar;D:\repo\net\bytebuddy\byte-buddy\1.12.18\byte-buddy-1.12.18.jar;D:\repo\net\bytebuddy\byte-buddy-agent\1.12.18\byte-buddy-agent-1.12.18.jar;D:\repo\org\objenesis\objenesis\3.2\objenesis-3.2.jar;D:\repo\org\mockito\mockito-junit-jupiter\4.5.1\mockito-junit-jupiter-4.5.1.jar;D:\repo\org\skyscreamer\jsonassert\1.5.1\jsonassert-1.5.1.jar;D:\repo\com\vaadin\external\google\android-json\0.0.20131108.vaadin1\android-json-0.0.20131108.vaadin1.jar;D:\repo\org\springframework\spring-core\5.3.23\spring-core-5.3.23.jar;D:\repo\org\springframework\spring-jcl\5.3.23\spring-jcl-5.3.23.jar;D:\repo\org\springframework\spring-test\5.3.23\spring-test-5.3.23.jar;D:\repo\org\xmlunit\xmlunit-core\2.9.0\xmlunit-core-2.9.0.jar;"/>
    <property name="java.vm.vendor" value="Oracle Corporation"/>
    <property name="sun.arch.data.model" value="64"/>
    <property name="user.variant" value=""/>
    <property name="java.vendor.url" value="http://java.oracle.com/"/>
    <property name="user.timezone" value="Asia/Shanghai"/>
    <property name="java.vm.specification.version" value="1.8"/>
    <property name="os.name" value="Windows 8.1"/>
    <property name="user.country" value="CN"/>
    <property name="sun.java.launcher" value="SUN_STANDARD"/>
    <property name="sun.boot.library.path" value="D:\enrioments\JDK8_64\jre\bin"/>
    <property name="sun.java.command" value="C:\Users\Administrator\AppData\Local\Temp\surefire8198338156634916524\surefirebooter2217685016208194560.jar C:\Users\Administrator\AppData\Local\Temp\surefire8198338156634916524 2025-02-07T17-50-05_895-jvmRun1 surefire7761670921910592618tmp surefire_02952469290600528286tmp"/>
    <property name="surefire.test.class.path" value="C:\Users\Administrator\Desktop\1\temp2\target\test-classes;C:\Users\Administrator\Desktop\1\temp2\target\classes;D:\repo\org\springframework\boot\spring-boot-starter-web\2.7.5\spring-boot-starter-web-2.7.5.jar;D:\repo\org\springframework\boot\spring-boot-starter\2.7.5\spring-boot-starter-2.7.5.jar;D:\repo\org\springframework\boot\spring-boot\2.7.5\spring-boot-2.7.5.jar;D:\repo\org\springframework\boot\spring-boot-autoconfigure\2.7.5\spring-boot-autoconfigure-2.7.5.jar;D:\repo\org\springframework\boot\spring-boot-starter-logging\2.7.5\spring-boot-starter-logging-2.7.5.jar;D:\repo\ch\qos\logback\logback-classic\1.2.11\logback-classic-1.2.11.jar;D:\repo\ch\qos\logback\logback-core\1.2.11\logback-core-1.2.11.jar;D:\repo\org\apache\logging\log4j\log4j-to-slf4j\2.17.2\log4j-to-slf4j-2.17.2.jar;D:\repo\org\apache\logging\log4j\log4j-api\2.17.2\log4j-api-2.17.2.jar;D:\repo\org\slf4j\jul-to-slf4j\1.7.36\jul-to-slf4j-1.7.36.jar;D:\repo\jakarta\annotation\jakarta.annotation-api\1.3.5\jakarta.annotation-api-1.3.5.jar;D:\repo\org\yaml\snakeyaml\1.30\snakeyaml-1.30.jar;D:\repo\org\springframework\boot\spring-boot-starter-json\2.7.5\spring-boot-starter-json-2.7.5.jar;D:\repo\com\fasterxml\jackson\core\jackson-databind\2.13.4.2\jackson-databind-2.13.4.2.jar;D:\repo\com\fasterxml\jackson\core\jackson-annotations\2.13.4\jackson-annotations-2.13.4.jar;D:\repo\com\fasterxml\jackson\core\jackson-core\2.13.4\jackson-core-2.13.4.jar;D:\repo\com\fasterxml\jackson\datatype\jackson-datatype-jdk8\2.13.4\jackson-datatype-jdk8-2.13.4.jar;D:\repo\com\fasterxml\jackson\datatype\jackson-datatype-jsr310\2.13.4\jackson-datatype-jsr310-2.13.4.jar;D:\repo\com\fasterxml\jackson\module\jackson-module-parameter-names\2.13.4\jackson-module-parameter-names-2.13.4.jar;D:\repo\org\springframework\boot\spring-boot-starter-tomcat\2.7.5\spring-boot-starter-tomcat-2.7.5.jar;D:\repo\org\apache\tomcat\embed\tomcat-embed-core\9.0.68\tomcat-embed-core-9.0.68.jar;D:\repo\org\apache\tomcat\embed\tomcat-embed-websocket\9.0.68\tomcat-embed-websocket-9.0.68.jar;D:\repo\org\springframework\spring-web\5.3.23\spring-web-5.3.23.jar;D:\repo\org\springframework\spring-beans\5.3.23\spring-beans-5.3.23.jar;D:\repo\org\springframework\spring-webmvc\5.3.23\spring-webmvc-5.3.23.jar;D:\repo\org\springframework\spring-aop\5.3.23\spring-aop-5.3.23.jar;D:\repo\org\springframework\spring-context\5.3.23\spring-context-5.3.23.jar;D:\repo\org\springframework\spring-expression\5.3.23\spring-expression-5.3.23.jar;D:\repo\org\springframework\boot\spring-boot-starter-validation\2.7.5\spring-boot-starter-validation-2.7.5.jar;D:\repo\org\apache\tomcat\embed\tomcat-embed-el\9.0.68\tomcat-embed-el-9.0.68.jar;D:\repo\org\hibernate\validator\hibernate-validator\6.2.5.Final\hibernate-validator-6.2.5.Final.jar;D:\repo\jakarta\validation\jakarta.validation-api\2.0.2\jakarta.validation-api-2.0.2.jar;D:\repo\org\jboss\logging\jboss-logging\3.4.3.Final\jboss-logging-3.4.3.Final.jar;D:\repo\org\mybatis\spring\boot\mybatis-spring-boot-starter\2.2.2\mybatis-spring-boot-starter-2.2.2.jar;D:\repo\org\springframework\boot\spring-boot-starter-jdbc\2.7.5\spring-boot-starter-jdbc-2.7.5.jar;D:\repo\com\zaxxer\HikariCP\4.0.3\HikariCP-4.0.3.jar;D:\repo\org\springframework\spring-jdbc\5.3.23\spring-jdbc-5.3.23.jar;D:\repo\org\springframework\spring-tx\5.3.23\spring-tx-5.3.23.jar;D:\repo\org\mybatis\spring\boot\mybatis-spring-boot-autoconfigure\2.2.2\mybatis-spring-boot-autoconfigure-2.2.2.jar;D:\repo\org\mybatis\mybatis\3.5.9\mybatis-3.5.9.jar;D:\repo\org\mybatis\mybatis-spring\2.0.7\mybatis-spring-2.0.7.jar;D:\repo\mysql\mysql-connector-java\8.0.28\mysql-connector-java-8.0.28.jar;D:\repo\io\springfox\springfox-boot-starter\3.0.0\springfox-boot-starter-3.0.0.jar;D:\repo\io\springfox\springfox-oas\3.0.0\springfox-oas-3.0.0.jar;D:\repo\io\swagger\core\v3\swagger-annotations\2.1.2\swagger-annotations-2.1.2.jar;D:\repo\io\swagger\core\v3\swagger-models\2.1.2\swagger-models-2.1.2.jar;D:\repo\io\springfox\springfox-spi\3.0.0\springfox-spi-3.0.0.jar;D:\repo\io\springfox\springfox-schema\3.0.0\springfox-schema-3.0.0.jar;D:\repo\io\springfox\springfox-core\3.0.0\springfox-core-3.0.0.jar;D:\repo\io\springfox\springfox-spring-web\3.0.0\springfox-spring-web-3.0.0.jar;D:\repo\io\github\classgraph\classgraph\4.8.83\classgraph-4.8.83.jar;D:\repo\io\springfox\springfox-spring-webmvc\3.0.0\springfox-spring-webmvc-3.0.0.jar;D:\repo\io\springfox\springfox-spring-webflux\3.0.0\springfox-spring-webflux-3.0.0.jar;D:\repo\io\springfox\springfox-swagger-common\3.0.0\springfox-swagger-common-3.0.0.jar;D:\repo\org\mapstruct\mapstruct\1.3.1.Final\mapstruct-1.3.1.Final.jar;D:\repo\io\springfox\springfox-data-rest\3.0.0\springfox-data-rest-3.0.0.jar;D:\repo\io\springfox\springfox-bean-validators\3.0.0\springfox-bean-validators-3.0.0.jar;D:\repo\io\springfox\springfox-swagger2\3.0.0\springfox-swagger2-3.0.0.jar;D:\repo\io\swagger\swagger-annotations\1.5.20\swagger-annotations-1.5.20.jar;D:\repo\io\swagger\swagger-models\1.5.20\swagger-models-1.5.20.jar;D:\repo\io\springfox\springfox-swagger-ui\3.0.0\springfox-swagger-ui-3.0.0.jar;D:\repo\com\fasterxml\classmate\1.5.1\classmate-1.5.1.jar;D:\repo\org\slf4j\slf4j-api\1.7.36\slf4j-api-1.7.36.jar;D:\repo\org\springframework\plugin\spring-plugin-core\2.0.0.RELEASE\spring-plugin-core-2.0.0.RELEASE.jar;D:\repo\org\springframework\plugin\spring-plugin-metadata\2.0.0.RELEASE\spring-plugin-metadata-2.0.0.RELEASE.jar;D:\repo\org\projectlombok\lombok\1.18.24\lombok-1.18.24.jar;D:\repo\org\springframework\boot\spring-boot-starter-test\2.7.5\spring-boot-starter-test-2.7.5.jar;D:\repo\org\springframework\boot\spring-boot-test\2.7.5\spring-boot-test-2.7.5.jar;D:\repo\org\springframework\boot\spring-boot-test-autoconfigure\2.7.5\spring-boot-test-autoconfigure-2.7.5.jar;D:\repo\com\jayway\jsonpath\json-path\2.7.0\json-path-2.7.0.jar;D:\repo\net\minidev\json-smart\2.4.8\json-smart-2.4.8.jar;D:\repo\net\minidev\accessors-smart\2.4.8\accessors-smart-2.4.8.jar;D:\repo\org\ow2\asm\asm\9.1\asm-9.1.jar;D:\repo\jakarta\xml\bind\jakarta.xml.bind-api\2.3.3\jakarta.xml.bind-api-2.3.3.jar;D:\repo\jakarta\activation\jakarta.activation-api\1.2.2\jakarta.activation-api-1.2.2.jar;D:\repo\org\assertj\assertj-core\3.22.0\assertj-core-3.22.0.jar;D:\repo\org\hamcrest\hamcrest\2.2\hamcrest-2.2.jar;D:\repo\org\junit\jupiter\junit-jupiter\5.8.2\junit-jupiter-5.8.2.jar;D:\repo\org\junit\jupiter\junit-jupiter-api\5.8.2\junit-jupiter-api-5.8.2.jar;D:\repo\org\opentest4j\opentest4j\1.2.0\opentest4j-1.2.0.jar;D:\repo\org\junit\platform\junit-platform-commons\1.8.2\junit-platform-commons-1.8.2.jar;D:\repo\org\apiguardian\apiguardian-api\1.1.2\apiguardian-api-1.1.2.jar;D:\repo\org\junit\jupiter\junit-jupiter-params\5.8.2\junit-jupiter-params-5.8.2.jar;D:\repo\org\junit\jupiter\junit-jupiter-engine\5.8.2\junit-jupiter-engine-5.8.2.jar;D:\repo\org\junit\platform\junit-platform-engine\1.8.2\junit-platform-engine-1.8.2.jar;D:\repo\org\mockito\mockito-core\4.5.1\mockito-core-4.5.1.jar;D:\repo\net\bytebuddy\byte-buddy\1.12.18\byte-buddy-1.12.18.jar;D:\repo\net\bytebuddy\byte-buddy-agent\1.12.18\byte-buddy-agent-1.12.18.jar;D:\repo\org\objenesis\objenesis\3.2\objenesis-3.2.jar;D:\repo\org\mockito\mockito-junit-jupiter\4.5.1\mockito-junit-jupiter-4.5.1.jar;D:\repo\org\skyscreamer\jsonassert\1.5.1\jsonassert-1.5.1.jar;D:\repo\com\vaadin\external\google\android-json\0.0.20131108.vaadin1\android-json-0.0.20131108.vaadin1.jar;D:\repo\org\springframework\spring-core\5.3.23\spring-core-5.3.23.jar;D:\repo\org\springframework\spring-jcl\5.3.23\spring-jcl-5.3.23.jar;D:\repo\org\springframework\spring-test\5.3.23\spring-test-5.3.23.jar;D:\repo\org\xmlunit\xmlunit-core\2.9.0\xmlunit-core-2.9.0.jar;"/>
    <property name="sun.cpu.endian" value="little"/>
    <property name="user.home" value="C:\Users\Administrator"/>
    <property name="user.language" value="zh"/>
    <property name="java.specification.vendor" value="Oracle Corporation"/>
    <property name="java.home" value="D:\enrioments\JDK8_64\jre"/>
    <property name="basedir" value="C:\Users\Administrator\Desktop\1\temp2"/>
    <property name="file.separator" value="\"/>
    <property name="line.separator" value="&#10;"/>
    <property name="java.vm.specification.vendor" value="Oracle Corporation"/>
    <property name="java.specification.name" value="Java Platform API Specification"/>
    <property name="java.awt.graphicsenv" value="sun.awt.Win32GraphicsEnvironment"/>
    <property name="surefire.real.class.path" value="C:\Users\Administrator\AppData\Local\Temp\surefire8198338156634916524\surefirebooter2217685016208194560.jar"/>
    <property name="sun.boot.class.path" value="D:\enrioments\JDK8_64\jre\lib\resources.jar;D:\enrioments\JDK8_64\jre\lib\rt.jar;D:\enrioments\JDK8_64\jre\lib\sunrsasign.jar;D:\enrioments\JDK8_64\jre\lib\jsse.jar;D:\enrioments\JDK8_64\jre\lib\jce.jar;D:\enrioments\JDK8_64\jre\lib\charsets.jar;D:\enrioments\JDK8_64\jre\lib\jfr.jar;D:\enrioments\JDK8_64\jre\classes"/>
    <property name="user.script" value=""/>
    <property name="sun.management.compiler" value="HotSpot 64-Bit Tiered Compilers"/>
    <property name="java.runtime.version" value="1.8.0_40-b25"/>
    <property name="user.name" value="Administrator"/>
    <property name="path.separator" value=";"/>
    <property name="os.version" value="6.3"/>
    <property name="java.endorsed.dirs" value="D:\enrioments\JDK8_64\jre\lib\endorsed"/>
    <property name="java.runtime.name" value="Java(TM) SE Runtime Environment"/>
    <property name="file.encoding" value="GBK"/>
    <property name="java.vm.name" value="Java HotSpot(TM) 64-Bit Server VM"/>
    <property name="localRepository" value="D:\repo"/>
    <property name="java.vendor.url.bug" value="http://bugreport.sun.com/bugreport/"/>
    <property name="java.io.tmpdir" value="C:\Users\Administrator\AppData\Local\Temp\"/>
    <property name="idea.version" value="2023.1.2"/>
    <property name="java.version" value="1.8.0_40"/>
    <property name="user.dir" value="C:\Users\Administrator\Desktop\1\temp2"/>
    <property name="os.arch" value="amd64"/>
    <property name="java.vm.specification.name" value="Java Virtual Machine Specification"/>
    <property name="java.awt.printerjob" value="sun.awt.windows.WPrinterJob"/>
    <property name="sun.os.patch.level" value=""/>
    <property name="java.library.path" value="D:\enrioments\JDK8_64\jre\bin;C:\Windows\Sun\Java\bin;C:\Windows\system32;C:\Windows;c:\Users\Administrator\AppData\Local\Programs\cursor\resources\app\bin;D:\软件安装\VMware\bin\;C:\;indows\system32;C:\Windows;C:\Windows\System32\Wbem;C:\Windows\System32\WindowsPowerShell\v1.0\;C:\Windows\System32\OpenSSH\;D:\enrioments\JDK8_64\bin;C:\Program Files (x86)\Microsoft SQL Server\160\Tools\Binn\;C:\Program Files\Microsoft SQL Server\160\Tools\Binn\;C:\Program Files\Microsoft SQL Server\Client SDK\ODBC\170\Tools\Binn\;C:\Program Files\Microsoft SQL Server\160\DTS\Binn\;C:\Program Files (x86)\Microsoft SQL Server\160\DTS\Binn\;C:\Program Files\Pandoc\;C:\Users\Administrator\AppData\Local\Programs\Python\Python313\Scripts\;C:\Users\Administrator\AppData\Local\Programs\Python\Python313\;C:\Users\Administrator\AppData\Local\Programs\Python\Launcher\;C:\Users\Administrator\AppData\Local\Microsoft\WindowsApps;D:\enrioments\Windsurf\bin;c:\Users\Administrator\AppData\Local\Programs\cursor\resources\app\bin;C:\Program Files\MySQL\MySQL Server 8.0\bin;C:\Program Files\Microsoft SQL Server\150\Tools\Binn\;C:\Program Files\dotnet\;C:\Program Files (x86)\Windows Kits\10\Windows Performance Toolkit\;D:\enrioments\Git\cmd;D:\软件安装\xshell\;%NVM_HOME%;%NVM_SYMLINK%;C:\Users\Administrator\AppData\Local\Programs\Python\Python313\Scripts\;C:\Users\Administrator\AppData\Local\Programs\Python\Python313\;C:\Users\Administrator\AppData\Local\Programs\Python\Launcher\;C:\Users\Administrator\AppData\Local\Microsoft\WindowsApps;D:\软件安装\Microsoft VS Code\bin;D:\enrioments\Windsurf\bin;C:\Users\Administrator\.dotnet\tools;D:\enrioments\NVM\nvm;D:\enrioments\NVM\nodejs;."/>
    <property name="java.vm.info" value="mixed mode"/>
    <property name="java.vendor" value="Oracle Corporation"/>
    <property name="java.vm.version" value="25.40-b25"/>
    <property name="java.ext.dirs" value="D:\enrioments\JDK8_64\jre\lib\ext;C:\Windows\Sun\Java\lib\ext"/>
    <property name="sun.io.unicode.encoding" value="UnicodeLittle"/>
    <property name="maven.repo.local" value="D:\repo"/>
    <property name="java.class.version" value="52.0"/>
  </properties>
  <testcase name="updateTemperature_Success" classname="com.example.building.controller.BuildingControllerTest" time="0.35"/>
  <testcase name="createBuilding_Success" classname="com.example.building.controller.BuildingControllerTest" time="0.001"/>
  <testcase name="getBuilding_Success" classname="com.example.building.controller.BuildingControllerTest" time="0.001"/>
  <testcase name="updateTemperature_NotFound" classname="com.example.building.controller.BuildingControllerTest" time="0.001"/>
  <testcase name="getAllBuildings_Success" classname="com.example.building.controller.BuildingControllerTest" time="0.001"/>
  <testcase name="deleteBuilding_Success" classname="com.example.building.controller.BuildingControllerTest" time="0.001"/>
  <testcase name="getBuilding_NotFound" classname="com.example.building.controller.BuildingControllerTest" time="0.002"/>
</testsuite>